Checking whether the ASM compiler is GNU using "--version" did not match "(GNU assembler)|(GCC)|(Free Software Foundation)":
Apple LLVM version 10.0.1 (clang-1001.0.46.4)
Target: x86_64-apple-darwin18.7.0
Thread model: posix
InstalledDir: /Applications/Xcode.app/Contents/Developer/Toolchains/XcodeDefault.xctoolchain/usr/bin
Checking whether the ASM compiler is Clang using "--version" did not match "(clang version)":
Apple LLVM version 10.0.1 (clang-1001.0.46.4)
Target: x86_64-apple-darwin18.7.0
Thread model: posix
InstalledDir: /Applications/Xcode.app/Contents/Developer/Toolchains/XcodeDefault.xctoolchain/usr/bin
Determining if the include file link.h exists failed with the following output:
Change Dir: /Users/konda/work/my_github/llvm9-half/llvm9.0.1/llvm/build/CMakeFiles/CMakeTmp

Run Build Command(s):/usr/local/bin/ninja cmTC_caa1d && [1/2] Building C object CMakeFiles/cmTC_caa1d.dir/CheckIncludeFile.c.o
FAILED: CMakeFiles/cmTC_caa1d.dir/CheckIncludeFile.c.o 
/usr/bin/clang   -isysroot /Applications/Xcode.app/Contents/Developer/Platforms/MacOSX.platform/Developer/SDKs/MacOSX10.14.sdk -o CMakeFiles/cmTC_caa1d.dir/CheckIncludeFile.c.o   -c CheckIncludeFile.c
CheckIncludeFile.c:1:10: fatal error: 'link.h' file not found
#include <link.h>
         ^~~~~~~~
1 error generated.
ninja: build stopped: subcommand failed.



Determining if the include file valgrind/valgrind.h exists failed with the following output:
Change Dir: /Users/konda/work/my_github/llvm9-half/llvm9.0.1/llvm/build/CMakeFiles/CMakeTmp

Run Build Command(s):/usr/local/bin/ninja cmTC_50dba && [1/2] Building C object CMakeFiles/cmTC_50dba.dir/CheckIncludeFile.c.o
FAILED: CMakeFiles/cmTC_50dba.dir/CheckIncludeFile.c.o 
/usr/bin/clang   -isysroot /Applications/Xcode.app/Contents/Developer/Platforms/MacOSX.platform/Developer/SDKs/MacOSX10.14.sdk -o CMakeFiles/cmTC_50dba.dir/CheckIncludeFile.c.o   -c CheckIncludeFile.c
CheckIncludeFile.c:1:10: fatal error: 'valgrind/valgrind.h' file not found
#include <valgrind/valgrind.h>
         ^~~~~~~~~~~~~~~~~~~~~
1 error generated.
ninja: build stopped: subcommand failed.



Determining if the include file CrashReporterClient.h exists failed with the following output:
Change Dir: /Users/konda/work/my_github/llvm9-half/llvm9.0.1/llvm/build/CMakeFiles/CMakeTmp

Run Build Command(s):/usr/local/bin/ninja cmTC_24146 && [1/2] Building C object CMakeFiles/cmTC_24146.dir/CheckIncludeFile.c.o
FAILED: CMakeFiles/cmTC_24146.dir/CheckIncludeFile.c.o 
/usr/bin/clang   -isysroot /Applications/Xcode.app/Contents/Developer/Platforms/MacOSX.platform/Developer/SDKs/MacOSX10.14.sdk -o CMakeFiles/cmTC_24146.dir/CheckIncludeFile.c.o   -c CheckIncludeFile.c
CheckIncludeFile.c:1:10: fatal error: 'CrashReporterClient.h' file not found
#include <CrashReporterClient.h>
         ^~~~~~~~~~~~~~~~~~~~~~~
1 error generated.
ninja: build stopped: subcommand failed.



Determining if the function clock_gettime exists in the rt failed with the following output:
Change Dir: /Users/konda/work/my_github/llvm9-half/llvm9.0.1/llvm/build/CMakeFiles/CMakeTmp

Run Build Command(s):/usr/local/bin/ninja cmTC_7da12 && [1/2] Building C object CMakeFiles/cmTC_7da12.dir/CheckFunctionExists.c.o
[2/2] Linking C executable cmTC_7da12
FAILED: cmTC_7da12 
: && /usr/bin/clang -DCHECK_FUNCTION_EXISTS=clock_gettime -isysroot /Applications/Xcode.app/Contents/Developer/Platforms/MacOSX.platform/Developer/SDKs/MacOSX10.14.sdk -Wl,-search_paths_first -Wl,-headerpad_max_install_names  CMakeFiles/cmTC_7da12.dir/CheckFunctionExists.c.o  -o cmTC_7da12  -lrt  -lm && :
ld: library not found for -lrt
clang: error: linker command failed with exit code 1 (use -v to see invocation)
ninja: build stopped: subcommand failed.



Determining if the function pfm_initialize exists in the pfm failed with the following output:
Change Dir: /Users/konda/work/my_github/llvm9-half/llvm9.0.1/llvm/build/CMakeFiles/CMakeTmp

Run Build Command(s):/usr/local/bin/ninja cmTC_aab1b && [1/2] Building C object CMakeFiles/cmTC_aab1b.dir/CheckFunctionExists.c.o
[2/2] Linking C executable cmTC_aab1b
FAILED: cmTC_aab1b 
: && /usr/bin/clang -DCHECK_FUNCTION_EXISTS=pfm_initialize -isysroot /Applications/Xcode.app/Contents/Developer/Platforms/MacOSX.platform/Developer/SDKs/MacOSX10.14.sdk -Wl,-search_paths_first -Wl,-headerpad_max_install_names  CMakeFiles/cmTC_aab1b.dir/CheckFunctionExists.c.o  -o cmTC_aab1b  -lpfm  -lm && :
ld: library not found for -lpfm
clang: error: linker command failed with exit code 1 (use -v to see invocation)
ninja: build stopped: subcommand failed.



Determining if the function setupterm exists in the terminfo failed with the following output:
Change Dir: /Users/konda/work/my_github/llvm9-half/llvm9.0.1/llvm/build/CMakeFiles/CMakeTmp

Run Build Command(s):/usr/local/bin/ninja cmTC_5babd && [1/2] Building C object CMakeFiles/cmTC_5babd.dir/CheckFunctionExists.c.o
[2/2] Linking C executable cmTC_5babd
FAILED: cmTC_5babd 
: && /usr/bin/clang -DCHECK_FUNCTION_EXISTS=setupterm -isysroot /Applications/Xcode.app/Contents/Developer/Platforms/MacOSX.platform/Developer/SDKs/MacOSX10.14.sdk -Wl,-search_paths_first -Wl,-headerpad_max_install_names  CMakeFiles/cmTC_5babd.dir/CheckFunctionExists.c.o  -o cmTC_5babd  -lterminfo  -lm && :
ld: library not found for -lterminfo
clang: error: linker command failed with exit code 1 (use -v to see invocation)
ninja: build stopped: subcommand failed.



Determining if the function setupterm exists in the tinfo failed with the following output:
Change Dir: /Users/konda/work/my_github/llvm9-half/llvm9.0.1/llvm/build/CMakeFiles/CMakeTmp

Run Build Command(s):/usr/local/bin/ninja cmTC_653ea && [1/2] Building C object CMakeFiles/cmTC_653ea.dir/CheckFunctionExists.c.o
[2/2] Linking C executable cmTC_653ea
FAILED: cmTC_653ea 
: && /usr/bin/clang -DCHECK_FUNCTION_EXISTS=setupterm -isysroot /Applications/Xcode.app/Contents/Developer/Platforms/MacOSX.platform/Developer/SDKs/MacOSX10.14.sdk -Wl,-search_paths_first -Wl,-headerpad_max_install_names  CMakeFiles/cmTC_653ea.dir/CheckFunctionExists.c.o  -o cmTC_653ea  -ltinfo  -lm && :
ld: library not found for -ltinfo
clang: error: linker command failed with exit code 1 (use -v to see invocation)
ninja: build stopped: subcommand failed.



Determining if the posix_fallocate exist failed with the following output:
Change Dir: /Users/konda/work/my_github/llvm9-half/llvm9.0.1/llvm/build/CMakeFiles/CMakeTmp

Run Build Command(s):/usr/local/bin/ninja cmTC_087f2 && [1/2] Building C object CMakeFiles/cmTC_087f2.dir/CheckSymbolExists.c.o
FAILED: CMakeFiles/cmTC_087f2.dir/CheckSymbolExists.c.o 
/usr/bin/clang   -Werror=unguarded-availability-new -isysroot /Applications/Xcode.app/Contents/Developer/Platforms/MacOSX.platform/Developer/SDKs/MacOSX10.14.sdk -o CMakeFiles/cmTC_087f2.dir/CheckSymbolExists.c.o   -c CheckSymbolExists.c
CheckSymbolExists.c:8:19: error: use of undeclared identifier 'posix_fallocate'
  return ((int*)(&posix_fallocate))[argc];
                  ^
1 error generated.
ninja: build stopped: subcommand failed.


File /Users/konda/work/my_github/llvm9-half/llvm9.0.1/llvm/build/CMakeFiles/CMakeTmp/CheckSymbolExists.c:
/* */
#include <fcntl.h>

int main(int argc, char** argv)
{
  (void)argv;
#ifndef posix_fallocate
  return ((int*)(&posix_fallocate))[argc];
#else
  (void)argc;
  return 0;
#endif
}
Determining if the lseek64 exist failed with the following output:
Change Dir: /Users/konda/work/my_github/llvm9-half/llvm9.0.1/llvm/build/CMakeFiles/CMakeTmp

Run Build Command(s):/usr/local/bin/ninja cmTC_9cc4d && [1/2] Building C object CMakeFiles/cmTC_9cc4d.dir/CheckSymbolExists.c.o
FAILED: CMakeFiles/cmTC_9cc4d.dir/CheckSymbolExists.c.o 
/usr/bin/clang -D_LARGEFILE64_SOURCE  -Werror=unguarded-availability-new -isysroot /Applications/Xcode.app/Contents/Developer/Platforms/MacOSX.platform/Developer/SDKs/MacOSX10.14.sdk -o CMakeFiles/cmTC_9cc4d.dir/CheckSymbolExists.c.o   -c CheckSymbolExists.c
CheckSymbolExists.c:9:19: error: use of undeclared identifier 'lseek64'; did you mean 'lseek'?
  return ((int*)(&lseek64))[argc];
                  ^~~~~~~
                  lseek
/Applications/Xcode.app/Contents/Developer/Platforms/MacOSX.platform/Developer/SDKs/MacOSX10.14.sdk/usr/include/unistd.h:464:8: note: 'lseek' declared here
off_t    lseek(int, off_t, int);
         ^
1 error generated.
ninja: build stopped: subcommand failed.


File /Users/konda/work/my_github/llvm9-half/llvm9.0.1/llvm/build/CMakeFiles/CMakeTmp/CheckSymbolExists.c:
/* */
#include <sys/types.h>
#include <unistd.h>

int main(int argc, char** argv)
{
  (void)argv;
#ifndef lseek64
  return ((int*)(&lseek64))[argc];
#else
  (void)argc;
  return 0;
#endif
}
Determining if the mallctl exist failed with the following output:
Change Dir: /Users/konda/work/my_github/llvm9-half/llvm9.0.1/llvm/build/CMakeFiles/CMakeTmp

Run Build Command(s):/usr/local/bin/ninja cmTC_03e57 && [1/2] Building C object CMakeFiles/cmTC_03e57.dir/CheckSymbolExists.c.o
FAILED: CMakeFiles/cmTC_03e57.dir/CheckSymbolExists.c.o 
/usr/bin/clang   -Werror=unguarded-availability-new -isysroot /Applications/Xcode.app/Contents/Developer/Platforms/MacOSX.platform/Developer/SDKs/MacOSX10.14.sdk -o CMakeFiles/cmTC_03e57.dir/CheckSymbolExists.c.o   -c CheckSymbolExists.c
CheckSymbolExists.c:2:10: fatal error: 'malloc_np.h' file not found
#include <malloc_np.h>
         ^~~~~~~~~~~~~
1 error generated.
ninja: build stopped: subcommand failed.


File /Users/konda/work/my_github/llvm9-half/llvm9.0.1/llvm/build/CMakeFiles/CMakeTmp/CheckSymbolExists.c:
/* */
#include <malloc_np.h>

int main(int argc, char** argv)
{
  (void)argv;
#ifndef mallctl
  return ((int*)(&mallctl))[argc];
#else
  (void)argc;
  return 0;
#endif
}
Determining if the mallinfo exist failed with the following output:
Change Dir: /Users/konda/work/my_github/llvm9-half/llvm9.0.1/llvm/build/CMakeFiles/CMakeTmp

Run Build Command(s):/usr/local/bin/ninja cmTC_81e5b && [1/2] Building C object CMakeFiles/cmTC_81e5b.dir/CheckSymbolExists.c.o
FAILED: CMakeFiles/cmTC_81e5b.dir/CheckSymbolExists.c.o 
/usr/bin/clang   -Werror=unguarded-availability-new -isysroot /Applications/Xcode.app/Contents/Developer/Platforms/MacOSX.platform/Developer/SDKs/MacOSX10.14.sdk -o CMakeFiles/cmTC_81e5b.dir/CheckSymbolExists.c.o   -c CheckSymbolExists.c
CheckSymbolExists.c:2:10: fatal error: 'malloc.h' file not found
#include <malloc.h>
         ^~~~~~~~~~
1 error generated.
ninja: build stopped: subcommand failed.


File /Users/konda/work/my_github/llvm9-half/llvm9.0.1/llvm/build/CMakeFiles/CMakeTmp/CheckSymbolExists.c:
/* */
#include <malloc.h>

int main(int argc, char** argv)
{
  (void)argv;
#ifndef mallinfo
  return ((int*)(&mallinfo))[argc];
#else
  (void)argc;
  return 0;
#endif
}
Determining if the strerror_s exist failed with the following output:
Change Dir: /Users/konda/work/my_github/llvm9-half/llvm9.0.1/llvm/build/CMakeFiles/CMakeTmp

Run Build Command(s):/usr/local/bin/ninja cmTC_080d9 && [1/2] Building C object CMakeFiles/cmTC_080d9.dir/CheckSymbolExists.c.o
FAILED: CMakeFiles/cmTC_080d9.dir/CheckSymbolExists.c.o 
/usr/bin/clang   -Werror=unguarded-availability-new -isysroot /Applications/Xcode.app/Contents/Developer/Platforms/MacOSX.platform/Developer/SDKs/MacOSX10.14.sdk -o CMakeFiles/cmTC_080d9.dir/CheckSymbolExists.c.o   -c CheckSymbolExists.c
CheckSymbolExists.c:8:19: error: use of undeclared identifier 'strerror_s'; did you mean 'strerror_r'?
  return ((int*)(&strerror_s))[argc];
                  ^~~~~~~~~~
                  strerror_r
/Applications/Xcode.app/Contents/Developer/Platforms/MacOSX.platform/Developer/SDKs/MacOSX10.14.sdk/usr/include/string.h:116:6: note: 'strerror_r' declared here
int      strerror_r(int __errnum, char *__strerrbuf, size_t __buflen);
         ^
1 error generated.
ninja: build stopped: subcommand failed.


File /Users/konda/work/my_github/llvm9-half/llvm9.0.1/llvm/build/CMakeFiles/CMakeTmp/CheckSymbolExists.c:
/* */
#include <string.h>

int main(int argc, char** argv)
{
  (void)argv;
#ifndef strerror_s
  return ((int*)(&strerror_s))[argc];
#else
  (void)argc;
  return 0;
#endif
}
Performing C SOURCE FILE Test HAVE_STRUCT_STAT_ST_MTIM_TV_NSEC failed with the following output:
Change Dir: /Users/konda/work/my_github/llvm9-half/llvm9.0.1/llvm/build/CMakeFiles/CMakeTmp

Run Build Command(s):/usr/local/bin/ninja cmTC_9d49e && [1/2] Building C object CMakeFiles/cmTC_9d49e.dir/src.c.o
FAILED: CMakeFiles/cmTC_9d49e.dir/src.c.o 
/usr/bin/clang   -DHAVE_STRUCT_STAT_ST_MTIM_TV_NSEC  -Werror=unguarded-availability-new -isysroot /Applications/Xcode.app/Contents/Developer/Platforms/MacOSX.platform/Developer/SDKs/MacOSX10.14.sdk -o CMakeFiles/cmTC_9d49e.dir/src.c.o   -c src.c
src.c:7:36: error: no member named 'st_mtim' in 'struct stat'
  (void)sizeof(((struct stat *)0)->st_mtim.tv_nsec);
               ~~~~~~~~~~~~~~~~~~  ^
1 error generated.
ninja: build stopped: subcommand failed.


Source file was:

#include <sys/types.h>
#include <sys/stat.h>

int main()
{
  (void)sizeof(((struct stat *)0)->st_mtim.tv_nsec);
  return 0;
}

Determining if the __GLIBC__ exist failed with the following output:
Change Dir: /Users/konda/work/my_github/llvm9-half/llvm9.0.1/llvm/build/CMakeFiles/CMakeTmp

Run Build Command(s):/usr/local/bin/ninja cmTC_02f5b && [1/2] Building C object CMakeFiles/cmTC_02f5b.dir/CheckSymbolExists.c.o
FAILED: CMakeFiles/cmTC_02f5b.dir/CheckSymbolExists.c.o 
/usr/bin/clang   -Werror=unguarded-availability-new -isysroot /Applications/Xcode.app/Contents/Developer/Platforms/MacOSX.platform/Developer/SDKs/MacOSX10.14.sdk -o CMakeFiles/cmTC_02f5b.dir/CheckSymbolExists.c.o   -c CheckSymbolExists.c
CheckSymbolExists.c:8:19: error: use of undeclared identifier '__GLIBC__'
  return ((int*)(&__GLIBC__))[argc];
                  ^
1 error generated.
ninja: build stopped: subcommand failed.


File /Users/konda/work/my_github/llvm9-half/llvm9.0.1/llvm/build/CMakeFiles/CMakeTmp/CheckSymbolExists.c:
/* */
#include <stdio.h>

int main(int argc, char** argv)
{
  (void)argv;
#ifndef __GLIBC__
  return ((int*)(&__GLIBC__))[argc];
#else
  (void)argc;
  return 0;
#endif
}
Determining if the sched_getaffinity exist failed with the following output:
Change Dir: /Users/konda/work/my_github/llvm9-half/llvm9.0.1/llvm/build/CMakeFiles/CMakeTmp

Run Build Command(s):/usr/local/bin/ninja cmTC_aeca3 && [1/2] Building C object CMakeFiles/cmTC_aeca3.dir/CheckSymbolExists.c.o
FAILED: CMakeFiles/cmTC_aeca3.dir/CheckSymbolExists.c.o 
/usr/bin/clang   -Werror=unguarded-availability-new -isysroot /Applications/Xcode.app/Contents/Developer/Platforms/MacOSX.platform/Developer/SDKs/MacOSX10.14.sdk -o CMakeFiles/cmTC_aeca3.dir/CheckSymbolExists.c.o   -c CheckSymbolExists.c
CheckSymbolExists.c:8:19: error: use of undeclared identifier 'sched_getaffinity'
  return ((int*)(&sched_getaffinity))[argc];
                  ^
1 error generated.
ninja: build stopped: subcommand failed.


File /Users/konda/work/my_github/llvm9-half/llvm9.0.1/llvm/build/CMakeFiles/CMakeTmp/CheckSymbolExists.c:
/* */
#include <sched.h>

int main(int argc, char** argv)
{
  (void)argv;
#ifndef sched_getaffinity
  return ((int*)(&sched_getaffinity))[argc];
#else
  (void)argc;
  return 0;
#endif
}
Determining if the CPU_COUNT exist failed with the following output:
Change Dir: /Users/konda/work/my_github/llvm9-half/llvm9.0.1/llvm/build/CMakeFiles/CMakeTmp

Run Build Command(s):/usr/local/bin/ninja cmTC_ae66c && [1/2] Building C object CMakeFiles/cmTC_ae66c.dir/CheckSymbolExists.c.o
FAILED: CMakeFiles/cmTC_ae66c.dir/CheckSymbolExists.c.o 
/usr/bin/clang   -Werror=unguarded-availability-new -isysroot /Applications/Xcode.app/Contents/Developer/Platforms/MacOSX.platform/Developer/SDKs/MacOSX10.14.sdk -o CMakeFiles/cmTC_ae66c.dir/CheckSymbolExists.c.o   -c CheckSymbolExists.c
CheckSymbolExists.c:8:19: error: use of undeclared identifier 'CPU_COUNT'
  return ((int*)(&CPU_COUNT))[argc];
                  ^
1 error generated.
ninja: build stopped: subcommand failed.


File /Users/konda/work/my_github/llvm9-half/llvm9.0.1/llvm/build/CMakeFiles/CMakeTmp/CheckSymbolExists.c:
/* */
#include <sched.h>

int main(int argc, char** argv)
{
  (void)argv;
#ifndef CPU_COUNT
  return ((int*)(&CPU_COUNT))[argc];
#else
  (void)argc;
  return 0;
#endif
}
Performing C++ SOURCE FILE Test CXX_SUPPORTS_CLASS_MEMACCESS_FLAG failed with the following output:
Change Dir: /Users/konda/work/my_github/llvm9-half/llvm9.0.1/llvm/build/CMakeFiles/CMakeTmp

Run Build Command(s):/usr/local/bin/ninja cmTC_ddd07 && [1/2] Building CXX object CMakeFiles/cmTC_ddd07.dir/src.cxx.o
warning: unknown warning option '-Wclass-memaccess'; did you mean '-Wclass-varargs'? [-Wunknown-warning-option]
1 warning generated.
[2/2] Linking CXX executable cmTC_ddd07


Source file was:
int main() { return 0; }
Performing C++ SOURCE FILE Test LINKER_SUPPORTS_COLOR_DIAGNOSTICS failed with the following output:
Change Dir: /Users/konda/work/my_github/llvm9-half/llvm9.0.1/llvm/build/CMakeFiles/CMakeTmp

Run Build Command(s):/usr/local/bin/ninja cmTC_aa104 && [1/2] Building CXX object CMakeFiles/cmTC_aa104.dir/src.cxx.o
[2/2] Linking CXX executable cmTC_aa104
FAILED: cmTC_aa104 
: && /usr/bin/clang++  -DLLVM_ENABLE_DUMP -fPIC -fvisibility-inlines-hidden -Werror=date-time -Werror=unguarded-availability-new -std=c++11 -Wall -Wextra -Wno-unused-parameter -Wwrite-strings -Wcast-qual -Wmissing-field-initializers -pedantic -Wno-long-long -Wimplicit-fallthrough -Wcovered-switch-default -Wno-noexcept-type -Wnon-virtual-dtor -Wdelete-non-virtual-dtor -Wstring-conversion -fdiagnostics-color -DLINKER_SUPPORTS_COLOR_DIAGNOSTICS  -Werror=unguarded-availability-new -isysroot /Applications/Xcode.app/Contents/Developer/Platforms/MacOSX.platform/Developer/SDKs/MacOSX10.14.sdk -Wl,-search_paths_first -Wl,-headerpad_max_install_names -Wl,--color-diagnostics CMakeFiles/cmTC_aa104.dir/src.cxx.o  -o cmTC_aa104  -lm && :
ld: unknown option: --color-diagnostics
clang: error: linker command failed with exit code 1 (use -v to see invocation)
ninja: build stopped: subcommand failed.


Source file was:
int main() { return 0; }
Performing C++ SOURCE FILE Test HAVE_CXX_FLAG_WD654 failed with the following output:
Change Dir: /Users/konda/work/my_github/llvm9-half/llvm9.0.1/llvm/build/CMakeFiles/CMakeTmp

Run Build Command(s):/usr/local/bin/ninja cmTC_29993 && [1/2] Building CXX object CMakeFiles/cmTC_29993.dir/src.cxx.o
FAILED: CMakeFiles/cmTC_29993.dir/src.cxx.o 
/usr/bin/clang++    -DLLVM_ENABLE_DUMP -fPIC -fvisibility-inlines-hidden -Werror=date-time -Werror=unguarded-availability-new -std=c++11 -Wall -Wextra -Wno-unused-parameter -Wwrite-strings -Wcast-qual -Wmissing-field-initializers -pedantic -Wno-long-long -Wimplicit-fallthrough -Wcovered-switch-default -Wno-noexcept-type -Wnon-virtual-dtor -Wdelete-non-virtual-dtor -Wstring-conversion -fdiagnostics-color  -std=c++11  -Wall  -Wextra  -Wshadow  -pedantic  -pedantic-errors  -Wshorten-64-to-32  -Wfloat-equal  -fstrict-aliasing  -fno-exceptions  -Wstrict-aliasing -DHAVE_CXX_FLAG_WD654  -Werror=unguarded-availability-new -wd654 -isysroot /Applications/Xcode.app/Contents/Developer/Platforms/MacOSX.platform/Developer/SDKs/MacOSX10.14.sdk   -wd654 -o CMakeFiles/cmTC_29993.dir/src.cxx.o -c src.cxx
clang: error: unknown argument: '-wd654'
clang: error: unknown argument: '-wd654'
ninja: build stopped: subcommand failed.


Source file was:
int main() { return 0; }
